Started at Wed Apr 20 09:04:34 UTC 2022
Processing mavensc1
Offering mavensc1 to Project Build Discarder
Processing mypipelinepro
Offering mypipelinepro to Project Build Discarder
Processing Script2
Offering Script2 to Project Build Discarder
Finished at Wed Apr 20 09:04:34 UTC 2022. 4ms
Started at Wed Apr 20 10:04:34 UTC 2022
Processing mavensc1
Offering mavensc1 to Project Build Discarder
Processing mypipelinepro
Offering mypipelinepro to Project Build Discarder
Processing Script2
Offering Script2 to Project Build Discarder
Finished at Wed Apr 20 10:04:34 UTC 2022. 1ms
Started at Wed Apr 20 11:04:34 UTC 2022
Processing mavensc1
Offering mavensc1 to Project Build Discarder
Processing mypipelinepro
Offering mypipelinepro to Project Build Discarder
Processing Script2
Offering Script2 to Project Build Discarder
Finished at Wed Apr 20 11:04:34 UTC 2022. 1ms
Started at Wed Apr 20 12:04:34 UTC 2022
Processing mavensc1
Offering mavensc1 to Project Build Discarder
Processing mypipelinepro
Offering mypipelinepro to Project Build Discarder
Processing Script2
Offering Script2 to Project Build Discarder
Finished at Wed Apr 20 12:04:34 UTC 2022. 1ms
Started at Wed Apr 20 13:04:34 UTC 2022
Processing mavensc1
Offering mavensc1 to Project Build Discarder
Processing mypipelinepro
Offering mypipelinepro to Project Build Discarder
Processing Script2
Offering Script2 to Project Build Discarder
Finished at Wed Apr 20 13:04:34 UTC 2022. 1ms
Started at Wed Apr 20 14:04:34 UTC 2022
Processing mavensc1
Offering mavensc1 to Project Build Discarder
Processing mypipelinepro
Offering mypipelinepro to Project Build Discarder
Processing Script2
Offering Script2 to Project Build Discarder
Finished at Wed Apr 20 14:04:34 UTC 2022. 2ms
Started at Wed Apr 20 15:04:34 UTC 2022
Processing mavensc1
Offering mavensc1 to Project Build Discarder
Processing mypipelinepro
Offering mypipelinepro to Project Build Discarder
Processing Script2
Offering Script2 to Project Build Discarder
Finished at Wed Apr 20 15:04:34 UTC 2022. 0ms
Started at Wed Apr 20 16:04:34 UTC 2022
Processing mavensc1
Offering mavensc1 to Project Build Discarder
Processing mypipelinepro
Offering mypipelinepro to Project Build Discarder
Processing Script2
Offering Script2 to Project Build Discarder
Finished at Wed Apr 20 16:04:34 UTC 2022. 3ms
Started at Wed Apr 20 17:04:34 UTC 2022
Processing mavensc1
Offering mavensc1 to Project Build Discarder
Processing mypipelinepro
Offering mypipelinepro to Project Build Discarder
Processing Script2
Offering Script2 to Project Build Discarder
Finished at Wed Apr 20 17:04:34 UTC 2022. 1ms
Started at Wed Apr 20 18:04:34 UTC 2022
Processing mavensc1
Offering mavensc1 to Project Build Discarder
Processing mypipelinepro
Offering mypipelinepro to Project Build Discarder
Processing Script2
Offering Script2 to Project Build Discarder
Finished at Wed Apr 20 18:04:34 UTC 2022. 1ms
Started at Wed Apr 20 19:04:34 UTC 2022
Processing mavensc1
Offering mavensc1 to Project Build Discarder
Processing mypipelinepro
Offering mypipelinepro to Project Build Discarder
Processing Script2
Offering Script2 to Project Build Discarder
Finished at Wed Apr 20 19:04:34 UTC 2022. 1ms
Started at Wed Apr 20 20:04:34 UTC 2022
Processing mavensc1
Offering mavensc1 to Project Build Discarder
Processing mypipelinepro
Offering mypipelinepro to Project Build Discarder
Processing Script2
Offering Script2 to Project Build Discarder
Finished at Wed Apr 20 20:04:34 UTC 2022. 0ms
Started at Wed Apr 20 21:04:34 UTC 2022
Processing mavensc1
Offering mavensc1 to Project Build Discarder
Processing mypipelinepro
Offering mypipelinepro to Project Build Discarder
Processing Script2
Offering Script2 to Project Build Discarder
Finished at Wed Apr 20 21:04:34 UTC 2022. 5ms
Started at Wed Apr 20 22:04:34 UTC 2022
Processing mavensc1
Offering mavensc1 to Project Build Discarder
Processing mypipelinepro
Offering mypipelinepro to Project Build Discarder
Processing Script2
Offering Script2 to Project Build Discarder
Finished at Wed Apr 20 22:04:34 UTC 2022. 0ms
Started at Wed Apr 20 23:04:34 UTC 2022
Processing mavensc1
Offering mavensc1 to Project Build Discarder
Processing mypipelinepro
Offering mypipelinepro to Project Build Discarder
Processing Script2
Offering Script2 to Project Build Discarder
Finished at Wed Apr 20 23:04:34 UTC 2022. 1ms
Started at Thu Apr 21 00:04:34 UTC 2022
Processing mavensc1
Offering mavensc1 to Project Build Discarder
Processing mypipelinepro
Offering mypipelinepro to Project Build Discarder
Processing Script2
Offering Script2 to Project Build Discarder
Finished at Thu Apr 21 00:04:34 UTC 2022. 1ms
Started at Thu Apr 21 01:04:34 UTC 2022
Processing mavensc1
Offering mavensc1 to Project Build Discarder
Processing mypipelinepro
Offering mypipelinepro to Project Build Discarder
Processing Script2
Offering Script2 to Project Build Discarder
Finished at Thu Apr 21 01:04:34 UTC 2022. 1ms
Started at Thu Apr 21 02:04:34 UTC 2022
Processing mavensc1
Offering mavensc1 to Project Build Discarder
Processing mypipelinepro
Offering mypipelinepro to Project Build Discarder
Processing Script2
Offering Script2 to Project Build Discarder
Finished at Thu Apr 21 02:04:34 UTC 2022. 3ms
Started at Thu Apr 21 03:04:34 UTC 2022
Processing mavensc1
Offering mavensc1 to Project Build Discarder
Processing mypipelinepro
Offering mypipelinepro to Project Build Discarder
Processing Script2
Offering Script2 to Project Build Discarder
Finished at Thu Apr 21 03:04:34 UTC 2022. 2ms
Started at Thu Apr 21 04:04:34 UTC 2022
Processing mavensc1
Offering mavensc1 to Project Build Discarder
Processing mypipelinepro
Offering mypipelinepro to Project Build Discarder
Processing Script2
Offering Script2 to Project Build Discarder
Finished at Thu Apr 21 04:04:35 UTC 2022. 25ms
Started at Thu Apr 21 05:04:34 UTC 2022
Processing mavensc1
Offering mavensc1 to Project Build Discarder
Processing mypipelinepro
Offering mypipelinepro to Project Build Discarder
Processing Script2
Offering Script2 to Project Build Discarder
Finished at Thu Apr 21 05:04:34 UTC 2022. 1ms
Started at Thu Apr 21 06:04:35 UTC 2022
Processing mavensc1
Offering mavensc1 to Project Build Discarder
Processing mypipelinepro
Offering mypipelinepro to Project Build Discarder
Processing Script2
Offering Script2 to Project Build Discarder
Finished at Thu Apr 21 06:04:35 UTC 2022. 6ms
